<?xml version="1.0" encoding="UTF-8"?>
<!-- Generated by org.testng.reporters.JUnitReportReporter -->
<testsuite hostname="DESKTOP-O4T8C1S" failures="0" tests="1" name="TestCases.TC007_OpenOrders" time="88.943" errors="0" timestamp="2025-10-30T14:50:56 IST" skipped="0">
  <testcase classname="TestCases.TC007_OpenOrders" name="uploadAndValidateProductionPlanner" time="88.943"/>
</testsuite> <!-- TestCases.TC007_OpenOrders -->
