<?xml version="1.0" encoding="UTF-8"?>
<!-- Generated by org.testng.reporters.JUnitReportReporter -->
<testsuite hostname="DESKTOP-O4T8C1S" failures="0" tests="1" name="TestCases.TC008_OpenOrders" time="87.665" errors="0" timestamp="2025-10-09T16:27:56 IST" skipped="0">
  <testcase classname="TestCases.TC008_OpenOrders" name="uploadAndValidateProductionPlanner" time="87.665"/>
</testsuite> <!-- TestCases.TC008_OpenOrders -->
