<?xml version="1.0" encoding="UTF-8"?>
<!-- Generated by org.testng.reporters.JUnitReportReporter -->
<testsuite hostname="DESKTOP-O4T8C1S" failures="0" tests="3" name="TestCases.TC001_Login" time="22.629" errors="0" timestamp="2025-09-16T17:41:09 IST" skipped="0">
  <testcase classname="TestCases.TC001_Login" name="testShowPasswordToggle" time="5.482"/>
  <testcase classname="TestCases.TC001_Login" name="doLogin" time="11.188"/>
  <testcase classname="TestCases.TC001_Login" name="testRememberMe" time="5.959"/>
</testsuite> <!-- TestCases.TC001_Login -->
