<?xml version="1.0" encoding="UTF-8"?>
<!-- Generated by org.testng.reporters.JUnitReportReporter -->
<testsuite hostname="DESKTOP-O4T8C1S" failures="0" tests="1" name="TestCases.TC004_UserManagement" time="0.464" errors="1" timestamp="2025-10-05T20:45:09 IST" skipped="0">
  <testcase classname="TestCases.TC004_UserManagement" name="testCreateUser" time="0.464">
    <error message="
[public void TestCases.TC004_UserManagement.testCreateUser(java.lang.String,java.lang.String,java.lang.String,java.lang.String,java.lang.String,java.lang.String,java.lang.String,java.lang.String,java.lang.String)] has no parameters defined but was found to be using a data provider (either explicitly specified or inherited from class level annotation).
Data provider mismatch
Method: testCreateUser([java.lang.String arg0, java.lang.String arg1, java.lang.String arg2, java.lang.String arg3, java.lang.String arg4, java.lang.String arg5, java.lang.String arg6, java.lang.String arg7, java.lang.String arg8])
Arguments: [(java.lang.String) Planner,(java.lang.String) Khadki,(java.lang.String) 8489472382,(java.lang.String) Planner1@gmail.com,(java.lang.String) AMMUNITION FACTORY KHADKI,([Ljava.lang.String;) [FILLING 8,  CASE 4, FILLING 2, 
FILLING 1, CASE 2, LOADING, 
WET PRIMER FILLING],([Ljava.lang.String;) [BRING ALL MATERIALS, WEIGH CUPS &amp; RECORD, 
INDENT HD PIERCE TAPER &amp;NECK UNSKILLED, 
INDENT HD PIERCE TAPER &amp;NECK, DEGREASING RINSING DRYING, CASE BODY ANNEALING HS-II, 
INPROCESS INSPECTION, DEGREASING RINSING DRYING UNSKILLED, PICKLING RINISING SOAPING, I&amp;II DRAW &amp; TRIMMING HS-II, SEGREGATION OF CUPS, 
VISUAL EXAM BEFOUR VERTICALPRESS, DRYING, 
INDENT HD PIERCE TAPER &amp;NECK HS-II, I&amp;II DRAW &amp; TRIMMING UNSKILLED, Checking of Solution Strength from Lab, HD TURNING &amp; MOUTH REAMING HS-I, I &amp; II DRAW &amp; TRIMMING, HD TURNING &amp; MOUTH REAMING, 
INDENT HD PIERCE TAPER &amp;NECK HS-I, LOW TEMP ANNEALING, PREPARE SOLN OF PICKLING, DRYING OF CUPS, HD TURNING &amp; MOUTH REAMING UNSKILLED, I&amp;II DRAW &amp; TRIMMING HS-I, In PROCESS HARDNESS INSPECTION, HD TURNING &amp; MOUTH REAMING HS-II, CASE BODY ANNEALING, 
LOW TEMP ANNEALING HS-II, PICKLING OF CUPS],([Ljava.lang.String;) [KG-990 SR.NO.09, KG-989 SR.NO.06, 
MTPF-7171, 
AFK/LT-1643, 
MTPF-7162, 
AFH/LT-1643, 
UMK-6207, 
AFK/LT-1636],(java.lang.String) Planner]" type="org.testng.internal.reflect.MethodMatcherException">
      <![CDATA[org.testng.internal.reflect.MethodMatcherException: 
[public void TestCases.TC004_UserManagement.testCreateUser(java.lang.String,java.lang.String,java.lang.String,java.lang.String,java.lang.String,java.lang.String,java.lang.String,java.lang.String,java.lang.String)] has no parameters defined but was found to be using a data provider (either explicitly specified or inherited from class level annotation).
Data provider mismatch
Method: testCreateUser([java.lang.String arg0, java.lang.String arg1, java.lang.String arg2, java.lang.String arg3, java.lang.String arg4, java.lang.String arg5, java.lang.String arg6, java.lang.String arg7, java.lang.String arg8])
Arguments: [(java.lang.String) Planner,(java.lang.String) Khadki,(java.lang.String) 8489472382,(java.lang.String) Planner1@gmail.com,(java.lang.String) AMMUNITION FACTORY KHADKI,([Ljava.lang.String;) [FILLING 8,  CASE 4, FILLING 2, 
FILLING 1, CASE 2, LOADING, 
WET PRIMER FILLING],([Ljava.lang.String;) [BRING ALL MATERIALS, WEIGH CUPS & RECORD, 
INDENT HD PIERCE TAPER &NECK UNSKILLED, 
INDENT HD PIERCE TAPER &NECK, DEGREASING RINSING DRYING, CASE BODY ANNEALING HS-II, 
INPROCESS INSPECTION, DEGREASING RINSING DRYING UNSKILLED, PICKLING RINISING SOAPING, I&II DRAW & TRIMMING HS-II, SEGREGATION OF CUPS, 
VISUAL EXAM BEFOUR VERTICALPRESS, DRYING, 
INDENT HD PIERCE TAPER &NECK HS-II, I&II DRAW & TRIMMING UNSKILLED, Checking of Solution Strength from Lab, HD TURNING & MOUTH REAMING HS-I, I & II DRAW & TRIMMING, HD TURNING & MOUTH REAMING, 
INDENT HD PIERCE TAPER &NECK HS-I, LOW TEMP ANNEALING, PREPARE SOLN OF PICKLING, DRYING OF CUPS, HD TURNING & MOUTH REAMING UNSKILLED, I&II DRAW & TRIMMING HS-I, In PROCESS HARDNESS INSPECTION, HD TURNING & MOUTH REAMING HS-II, CASE BODY ANNEALING, 
LOW TEMP ANNEALING HS-II, PICKLING OF CUPS],([Ljava.lang.String;) [KG-990 SR.NO.09, KG-989 SR.NO.06, 
MTPF-7171, 
AFK/LT-1643, 
MTPF-7162, 
AFH/LT-1643, 
UMK-6207, 
AFK/LT-1636],(java.lang.String) Planner]
at org.testng.internal.reflect.DataProviderMethodMatcher.getConformingArguments(DataProviderMethodMatcher.java:46)
at org.testng.internal.Parameters.injectParameters(Parameters.java:915)
at org.testng.internal.invokers.MethodRunner.runInSequence(MethodRunner.java:50)
at org.testng.internal.invokers.TestInvoker$MethodInvocationAgent.invoke(TestInvoker.java:992)
at org.testng.internal.invokers.TestInvoker.invokeTestMethods(TestInvoker.java:203)
at org.testng.internal.invokers.TestMethodWorker.invokeTestMethods(TestMethodWorker.java:154)
at org.testng.internal.invokers.TestMethodWorker.run(TestMethodWorker.java:134)
at java.base/java.util.ArrayList.forEach(ArrayList.java:1596)
at org.testng.TestRunner.privateRun(TestRunner.java:739)
at org.testng.TestRunner.run(TestRunner.java:614)
at org.testng.SuiteRunner.runTest(SuiteRunner.java:421)
at org.testng.SuiteRunner.runSequentially(SuiteRunner.java:413)
at org.testng.SuiteRunner.privateRun(SuiteRunner.java:373)
at org.testng.SuiteRunner.run(SuiteRunner.java:312)
at org.testng.SuiteRunnerWorker.runSuite(SuiteRunnerWorker.java:52)
at org.testng.SuiteRunnerWorker.run(SuiteRunnerWorker.java:95)
at org.testng.TestNG.runSuitesSequentially(TestNG.java:1274)
at org.testng.TestNG.runSuitesLocally(TestNG.java:1208)
at org.testng.TestNG.runSuites(TestNG.java:1112)
at org.testng.TestNG.run(TestNG.java:1079)
at org.testng.remote.AbstractRemoteTestNG.run(AbstractRemoteTestNG.java:115)
at org.testng.remote.RemoteTestNG.initAndRun(RemoteTestNG.java:293)
at org.testng.remote.RemoteTestNG.main(RemoteTestNG.java:91)
]]>
    </error>
  </testcase> <!-- testCreateUser -->
</testsuite> <!-- TestCases.TC004_UserManagement -->
