<?xml version="1.0" encoding="UTF-8"?>
<!-- Generated by org.testng.reporters.JUnitReportReporter -->
<testsuite hostname="DESKTOP-O4T8C1S" failures="0" tests="1" name="TestCases.TC002_Dashboard" time="273.912" errors="0" timestamp="2025-09-16T18:22:43 IST" skipped="0">
  <testcase classname="TestCases.TC002_Dashboard" name="testNavigation" time="273.912"/>
</testsuite> <!-- TestCases.TC002_Dashboard -->
