<?xml version="1.0" encoding="UTF-8"?>
<!-- Generated by org.testng.reporters.JUnitReportReporter -->
<testsuite hostname="DESKTOP-O4T8C1S" failures="0" tests="5" name="TestCases.TC010_ProductionOrders" time="21.065" errors="0" timestamp="2025-10-13T12:52:23 IST" skipped="0">
  <testcase classname="TestCases.TC010_ProductionOrders" name="verifyCompleteButtonClick" time="2.146"/>
  <testcase classname="TestCases.TC010_ProductionOrders" name="verifyCompleteButtonClick" time="1.688"/>
  <testcase classname="TestCases.TC010_ProductionOrders" name="verifyCompleteButtonClick" time="1.590"/>
  <testcase classname="TestCases.TC010_ProductionOrders" name="verifyCompleteButtonClick" time="13.993"/>
  <testcase classname="TestCases.TC010_ProductionOrders" name="verifyCompleteButtonClick" time="1.648"/>
</testsuite> <!-- TestCases.TC010_ProductionOrders -->
