<?xml version="1.0" encoding="UTF-8"?>
<!-- Generated by org.testng.reporters.JUnitReportReporter -->
<testsuite hostname="DESKTOP-O4T8C1S" failures="0" tests="1" name="TestCases.TC010_RMInspection_Details" time="52.593" errors="0" timestamp="2025-10-14T10:32:39 IST" skipped="0">
  <testcase classname="TestCases.TC010_RMInspection_Details" name="testRMInspection" time="52.593"/>
</testsuite> <!-- TestCases.TC010_RMInspection_Details -->
