<?xml version="1.0" encoding="UTF-8"?>
<!-- Generated by org.testng.reporters.JUnitReportReporter -->
<testsuite hostname="DESKTOP-O4T8C1S" failures="0" tests="3" name="TestCases.TC001_Login" time="19.518" errors="0" timestamp="2025-10-28T10:43:36 IST" skipped="0">
  <testcase classname="TestCases.TC001_Login" name="testShowPasswordToggle" time="5.637"/>
  <testcase classname="TestCases.TC001_Login" name="doLogin" time="8.822"/>
  <testcase classname="TestCases.TC001_Login" name="testRememberMe" time="5.059"/>
</testsuite> <!-- TestCases.TC001_Login -->
