<?xml version="1.0" encoding="UTF-8"?>
<!-- Generated by org.testng.reporters.JUnitReportReporter -->
<testsuite hostname="DESKTOP-O4T8C1S" failures="0" tests="1" name="TestCases.TC003_MDM" time="44.937" errors="0" timestamp="2025-09-23T11:33:58 IST" skipped="0">
  <testcase classname="TestCases.TC003_MDM" name="testUploadAllMasters" time="44.937"/>
</testsuite> <!-- TestCases.TC003_MDM -->
